This is pdfTeX, Version 3.14159265-2.6-1.40.16 (TeX Live 2015/Debian) (preloaded format=pdflatex 2018.2.7)  23 MAR 2018 18:47
entering extended mode
 restricted \write18 enabled.
 %&-line parsing enabled.
**report.tex
(./report.tex
LaTeX2e <2016/02/01>
Babel <3.9q> and hyphenation patterns for 5 language(s) loaded.
(/usr/share/texlive/texmf-dist/tex/latex/base/report.cls
Document Class: report 2014/09/29 v1.4h Standard LaTeX document class
(/usr/share/texlive/texmf-dist/tex/latex/base/size11.clo
File: size11.clo 2014/09/29 v1.4h Standard LaTeX file (size option)
)
\c@part=\count79
\c@chapter=\count80
\c@section=\count81
\c@subsection=\count82
\c@subsubsection=\count83
\c@paragraph=\count84
\c@subparagraph=\count85
\c@figure=\count86
\c@table=\count87
\abovecaptionskip=\skip41
\belowcaptionskip=\skip42
\bibindent=\dimen102
)
(/usr/share/texlive/texmf-dist/tex/latex/geometry/geometry.sty
Package: geometry 2010/09/12 v5.6 Page Geometry

(/usr/share/texlive/texmf-dist/tex/latex/graphics/keyval.sty
Package: keyval 2014/10/28 v1.15 key=value parser (DPC)
\KV@toks@=\toks14
)
(/usr/share/texlive/texmf-dist/tex/generic/oberdiek/ifpdf.sty
Package: ifpdf 2011/01/30 v2.3 Provides the ifpdf switch (HO)
Package ifpdf Info: pdfTeX in PDF mode is detected.
)
(/usr/share/texlive/texmf-dist/tex/generic/oberdiek/ifvtex.sty
Package: ifvtex 2010/03/01 v1.5 Detect VTeX and its facilities (HO)
Package ifvtex Info: VTeX not detected.
)
(/usr/share/texlive/texmf-dist/tex/generic/ifxetex/ifxetex.sty
Package: ifxetex 2010/09/12 v0.6 Provides ifxetex conditional
)
\Gm@cnth=\count88
\Gm@cntv=\count89
\c@Gm@tempcnt=\count90
\Gm@bindingoffset=\dimen103
\Gm@wd@mp=\dimen104
\Gm@odd@mp=\dimen105
\Gm@even@mp=\dimen106
\Gm@layoutwidth=\dimen107
\Gm@layoutheight=\dimen108
\Gm@layouthoffset=\dimen109
\Gm@layoutvoffset=\dimen110
\Gm@dimlist=\toks15
)
(/usr/share/texlive/texmf-dist/tex/latex/amsmath/amsmath.sty
Package: amsmath 2016/03/03 v2.15a AMS math features
\@mathmargin=\skip43

For additional information on amsmath, use the `?' option.
(/usr/share/texlive/texmf-dist/tex/latex/amsmath/amstext.sty
Package: amstext 2000/06/29 v2.01 AMS text

(/usr/share/texlive/texmf-dist/tex/latex/amsmath/amsgen.sty
File: amsgen.sty 1999/11/30 v2.0 generic functions
\@emptytoks=\toks16
\ex@=\dimen111
))
(/usr/share/texlive/texmf-dist/tex/latex/amsmath/amsbsy.sty
Package: amsbsy 1999/11/29 v1.2d Bold Symbols
\pmbraise@=\dimen112
)
(/usr/share/texlive/texmf-dist/tex/latex/amsmath/amsopn.sty
Package: amsopn 1999/12/14 v2.01 operator names
)
\inf@bad=\count91
LaTeX Info: Redefining \frac on input line 199.
\uproot@=\count92
\leftroot@=\count93
LaTeX Info: Redefining \overline on input line 297.
\classnum@=\count94
\DOTSCASE@=\count95
LaTeX Info: Redefining \ldots on input line 394.
LaTeX Info: Redefining \dots on input line 397.
LaTeX Info: Redefining \cdots on input line 518.
\Mathstrutbox@=\box26
\strutbox@=\box27
\big@size=\dimen113
LaTeX Font Info:    Redeclaring font encoding OML on input line 630.
LaTeX Font Info:    Redeclaring font encoding OMS on input line 631.
\macc@depth=\count96
\c@MaxMatrixCols=\count97
\dotsspace@=\muskip10
\c@parentequation=\count98
\dspbrk@lvl=\count99
\tag@help=\toks17
\row@=\count100
\column@=\count101
\maxfields@=\count102
\andhelp@=\toks18
\eqnshift@=\dimen114
\alignsep@=\dimen115
\tagshift@=\dimen116
\tagwidth@=\dimen117
\totwidth@=\dimen118
\lineht@=\dimen119
\@envbody=\toks19
\multlinegap=\skip44
\multlinetaggap=\skip45
\mathdisplay@stack=\toks20
LaTeX Info: Redefining \[ on input line 2735.
LaTeX Info: Redefining \] on input line 2736.
)
(/usr/share/texlive/texmf-dist/tex/latex/ncctools/nccmath.sty
Package: nccmath 2005/02/21 v1.2 Additional Math Commands (NCC)
\NCC@fracrulewidth=\dimen120
)
(/usr/share/texlive/texmf-dist/tex/latex/base/alltt.sty
Package: alltt 1997/06/16 v2.0g defines alltt environment
)
(/usr/share/texlive/texmf-dist/tex/latex/sectsty/sectsty.sty
Package: sectsty 2002/02/25 v2.0.2 Commands to change all sectional heading sty
les
)
(/usr/share/texlive/texmf-dist/tex/latex/titlesec/titlesec.sty
Package: titlesec 2016/03/15 v2.10.1 Sectioning titles
\ttl@box=\box28
\beforetitleunit=\skip46
\aftertitleunit=\skip47
\ttl@plus=\dimen121
\ttl@minus=\dimen122
\ttl@toksa=\toks21
\titlewidth=\dimen123
\titlewidthlast=\dimen124
\titlewidthfirst=\dimen125
)
(/usr/share/texlive/texmf-dist/tex/latex/graphics/graphicx.sty
Package: graphicx 2014/10/28 v1.0g Enhanced LaTeX Graphics (DPC,SPQR)

(/usr/share/texlive/texmf-dist/tex/latex/graphics/graphics.sty
Package: graphics 2016/01/03 v1.0q Standard LaTeX Graphics (DPC,SPQR)

(/usr/share/texlive/texmf-dist/tex/latex/graphics/trig.sty
Package: trig 2016/01/03 v1.10 sin cos tan (DPC)
)
(/usr/share/texlive/texmf-dist/tex/latex/latexconfig/graphics.cfg
File: graphics.cfg 2010/04/23 v1.9 graphics configuration of TeX Live
)
Package graphics Info: Driver file: pdftex.def on input line 95.

(/usr/share/texlive/texmf-dist/tex/latex/pdftex-def/pdftex.def
File: pdftex.def 2011/05/27 v0.06d Graphics/color for pdfTeX

(/usr/share/texlive/texmf-dist/tex/generic/oberdiek/infwarerr.sty
Package: infwarerr 2010/04/08 v1.3 Providing info/warning/error messages (HO)
)
(/usr/share/texlive/texmf-dist/tex/generic/oberdiek/ltxcmds.sty
Package: ltxcmds 2011/11/09 v1.22 LaTeX kernel commands for general use (HO)
)
\Gread@gobject=\count103
))
\Gin@req@height=\dimen126
\Gin@req@width=\dimen127
)
(/usr/share/texlive/texmf-dist/tex/latex/caption/subcaption.sty
Package: subcaption 2016/02/20 v1.1-142 Sub-captions (AR)

(/usr/share/texlive/texmf-dist/tex/latex/caption/caption.sty
Package: caption 2016/02/21 v3.3-144 Customizing captions (AR)

(/usr/share/texlive/texmf-dist/tex/latex/caption/caption3.sty
Package: caption3 2016/02/04 v1.7-139 caption3 kernel (AR)
Package caption3 Info: TeX engine: e-TeX on input line 67.
\captionmargin=\dimen128
\captionmargin@=\dimen129
\captionwidth=\dimen130
\caption@tempdima=\dimen131
\caption@indent=\dimen132
\caption@parindent=\dimen133
\caption@hangindent=\dimen134
)
\c@ContinuedFloat=\count104
)
\c@subfigure=\count105
\c@subtable=\count106
)
(/usr/share/texlive/texmf-dist/tex/latex/environ/environ.sty
Package: environ 2014/05/04 v0.3 A new way to define environments

(/usr/share/texlive/texmf-dist/tex/latex/trimspaces/trimspaces.sty
Package: trimspaces 2009/09/17 v1.1 Trim spaces around a token list
))
(/usr/share/texlive/texmf-dist/tex/latex/hyperref/hyperref.sty
Package: hyperref 2012/11/06 v6.83m Hypertext links for LaTeX

(/usr/share/texlive/texmf-dist/tex/generic/oberdiek/hobsub-hyperref.sty
Package: hobsub-hyperref 2012/05/28 v1.13 Bundle oberdiek, subset hyperref (HO)


(/usr/share/texlive/texmf-dist/tex/generic/oberdiek/hobsub-generic.sty
Package: hobsub-generic 2012/05/28 v1.13 Bundle oberdiek, subset generic (HO)
Package: hobsub 2012/05/28 v1.13 Construct package bundles (HO)
Package hobsub Info: Skipping package `infwarerr' (already loaded).
Package hobsub Info: Skipping package `ltxcmds' (already loaded).
Package: ifluatex 2010/03/01 v1.3 Provides the ifluatex switch (HO)
Package ifluatex Info: LuaTeX not detected.
Package hobsub Info: Skipping package `ifvtex' (already loaded).
Package: intcalc 2007/09/27 v1.1 Expandable calculations with integers (HO)
Package hobsub Info: Skipping package `ifpdf' (already loaded).
Package: etexcmds 2011/02/16 v1.5 Avoid name clashes with e-TeX commands (HO)
Package etexcmds Info: Could not find \expanded.
(etexcmds)             That can mean that you are not using pdfTeX 1.50 or
(etexcmds)             that some package has redefined \expanded.
(etexcmds)             In the latter case, load this package earlier.
Package: kvsetkeys 2012/04/25 v1.16 Key value parser (HO)
Package: kvdefinekeys 2011/04/07 v1.3 Define keys (HO)
Package: pdftexcmds 2011/11/29 v0.20 Utility functions of pdfTeX for LuaTeX (HO
)
Package pdftexcmds Info: LuaTeX not detected.
Package pdftexcmds Info: \pdf@primitive is available.
Package pdftexcmds Info: \pdf@ifprimitive is available.
Package pdftexcmds Info: \pdfdraftmode found.
Package: pdfescape 2011/11/25 v1.13 Implements pdfTeX's escape features (HO)
Package: bigintcalc 2012/04/08 v1.3 Expandable calculations on big integers (HO
)
Package: bitset 2011/01/30 v1.1 Handle bit-vector datatype (HO)
Package: uniquecounter 2011/01/30 v1.2 Provide unlimited unique counter (HO)
)
Package hobsub Info: Skipping package `hobsub' (already loaded).
Package: letltxmacro 2010/09/02 v1.4 Let assignment for LaTeX macros (HO)
Package: hopatch 2012/05/28 v1.2 Wrapper for package hooks (HO)
Package: xcolor-patch 2011/01/30 xcolor patch
Package: atveryend 2011/06/30 v1.8 Hooks at the very end of document (HO)
Package atveryend Info: \enddocument detected (standard20110627).
Package: atbegshi 2011/10/05 v1.16 At begin shipout hook (HO)
Package: refcount 2011/10/16 v3.4 Data extraction from label references (HO)
Package: hycolor 2011/01/30 v1.7 Color options for hyperref/bookmark (HO)
)
(/usr/share/texlive/texmf-dist/tex/latex/oberdiek/auxhook.sty
Package: auxhook 2011/03/04 v1.3 Hooks for auxiliary files (HO)
)
(/usr/share/texlive/texmf-dist/tex/latex/oberdiek/kvoptions.sty
Package: kvoptions 2011/06/30 v3.11 Key value format for package options (HO)
)
\@linkdim=\dimen135
\Hy@linkcounter=\count107
\Hy@pagecounter=\count108

(/usr/share/texlive/texmf-dist/tex/latex/hyperref/pd1enc.def
File: pd1enc.def 2012/11/06 v6.83m Hyperref: PDFDocEncoding definition (HO)
)
\Hy@SavedSpaceFactor=\count109

(/usr/share/texlive/texmf-dist/tex/latex/latexconfig/hyperref.cfg
File: hyperref.cfg 2002/06/06 v1.2 hyperref configuration of TeXLive
)
Package hyperref Info: Hyper figures OFF on input line 4443.
Package hyperref Info: Link nesting OFF on input line 4448.
Package hyperref Info: Hyper index ON on input line 4451.
Package hyperref Info: Plain pages OFF on input line 4458.
Package hyperref Info: Backreferencing OFF on input line 4463.
Package hyperref Info: Implicit mode ON; LaTeX internals redefined.
Package hyperref Info: Bookmarks ON on input line 4688.
\c@Hy@tempcnt=\count110

(/usr/share/texlive/texmf-dist/tex/latex/url/url.sty
\Urlmuskip=\muskip11
Package: url 2013/09/16  ver 3.4  Verb mode for urls, etc.
)
LaTeX Info: Redefining \url on input line 5041.
\XeTeXLinkMargin=\dimen136
\Fld@menulength=\count111
\Field@Width=\dimen137
\Fld@charsize=\dimen138
Package hyperref Info: Hyper figures OFF on input line 6295.
Package hyperref Info: Link nesting OFF on input line 6300.
Package hyperref Info: Hyper index ON on input line 6303.
Package hyperref Info: backreferencing OFF on input line 6310.
Package hyperref Info: Link coloring OFF on input line 6315.
Package hyperref Info: Link coloring with OCG OFF on input line 6320.
Package hyperref Info: PDF/A mode OFF on input line 6325.
LaTeX Info: Redefining \ref on input line 6365.
LaTeX Info: Redefining \pageref on input line 6369.
\Hy@abspage=\count112
\c@Item=\count113
\c@Hfootnote=\count114
)

Package hyperref Message: Driver (autodetected): hpdftex.

(/usr/share/texlive/texmf-dist/tex/latex/hyperref/hpdftex.def
File: hpdftex.def 2012/11/06 v6.83m Hyperref driver for pdfTeX
\Fld@listcount=\count115
\c@bookmark@seq@number=\count116

(/usr/share/texlive/texmf-dist/tex/latex/oberdiek/rerunfilecheck.sty
Package: rerunfilecheck 2011/04/15 v1.7 Rerun checks for auxiliary files (HO)
Package uniquecounter Info: New unique counter `rerunfilecheck' on input line 2
82.
)
\Hy@SectionHShift=\skip48
)
(/usr/share/texlive/texmf-dist/tex/latex/listings/listings.sty
\lst@mode=\count117
\lst@gtempboxa=\box29
\lst@token=\toks22
\lst@length=\count118
\lst@currlwidth=\dimen139
\lst@column=\count119
\lst@pos=\count120
\lst@lostspace=\dimen140
\lst@width=\dimen141
\lst@newlines=\count121
\lst@lineno=\count122
\lst@maxwidth=\dimen142

(/usr/share/texlive/texmf-dist/tex/latex/listings/lstmisc.sty
File: lstmisc.sty 2015/06/04 1.6 (Carsten Heinz)
\c@lstnumber=\count123
\lst@skipnumbers=\count124
\lst@framebox=\box30
)
(/usr/share/texlive/texmf-dist/tex/latex/listings/listings.cfg
File: listings.cfg 2015/06/04 1.6 listings configuration
))
Package: listings 2015/06/04 1.6 (Carsten Heinz)

(/usr/share/texlive/texmf-dist/tex/latex/etoolbox/etoolbox.sty
Package: etoolbox 2015/08/02 v2.2a e-TeX tools for LaTeX (JAW)
\etb@tempcnta=\count125
)
(/usr/share/texlive/texmf-dist/tex/latex/multirow/multirow.sty
\bigstrutjot=\dimen143
) (./report.aux)
\openout1 = `report.aux'.

LaTeX Font Info:    Checking defaults for OML/cmm/m/it on input line 47.
LaTeX Font Info:    ... okay on input line 47.
LaTeX Font Info:    Checking defaults for T1/cmr/m/n on input line 47.
LaTeX Font Info:    ... okay on input line 47.
LaTeX Font Info:    Checking defaults for OT1/cmr/m/n on input line 47.
LaTeX Font Info:    ... okay on input line 47.
LaTeX Font Info:    Checking defaults for OMS/cmsy/m/n on input line 47.
LaTeX Font Info:    ... okay on input line 47.
LaTeX Font Info:    Checking defaults for OMX/cmex/m/n on input line 47.
LaTeX Font Info:    ... okay on input line 47.
LaTeX Font Info:    Checking defaults for U/cmr/m/n on input line 47.
LaTeX Font Info:    ... okay on input line 47.
LaTeX Font Info:    Checking defaults for PD1/pdf/m/n on input line 47.
LaTeX Font Info:    ... okay on input line 47.

*geometry* driver: auto-detecting
*geometry* detected driver: pdftex
*geometry* verbose mode - [ preamble ] result:
* driver: pdftex
* paper: <default>
* layout: <same size as paper>
* layoutoffset:(h,v)=(0.0pt,0.0pt)
* modes: 
* h-part:(L,W,R)=(56.9055pt, 500.484pt, 56.9055pt)
* v-part:(T,H,B)=(56.9055pt, 681.15898pt, 56.9055pt)
* \paperwidth=614.295pt
* \paperheight=794.96999pt
* \textwidth=500.484pt
* \textheight=681.15898pt
* \oddsidemargin=-15.36449pt
* \evensidemargin=-15.36449pt
* \topmargin=-52.36449pt
* \headheight=12.0pt
* \headsep=25.0pt
* \topskip=11.0pt
* \footskip=30.0pt
* \marginparwidth=59.0pt
* \marginparsep=10.0pt
* \columnsep=10.0pt
* \skip\footins=10.0pt plus 4.0pt minus 2.0pt
* \hoffset=0.0pt
* \voffset=0.0pt
* \mag=1000
* \@twocolumnfalse
* \@twosidefalse
* \@mparswitchfalse
* \@reversemarginfalse
* (1in=72.27pt=25.4mm, 1cm=28.453pt)

(/usr/share/texlive/texmf-dist/tex/context/base/supp-pdf.mkii
[Loading MPS to PDF converter (version 2006.09.02).]
\scratchcounter=\count126
\scratchdimen=\dimen144
\scratchbox=\box31
\nofMPsegments=\count127
\nofMParguments=\count128
\everyMPshowfont=\toks23
\MPscratchCnt=\count129
\MPscratchDim=\dimen145
\MPnumerator=\count130
\makeMPintoPDFobject=\count131
\everyMPtoPDFconversion=\toks24
) (/usr/share/texlive/texmf-dist/tex/latex/oberdiek/epstopdf-base.sty
Package: epstopdf-base 2010/02/09 v2.5 Base part for package epstopdf

(/usr/share/texlive/texmf-dist/tex/latex/oberdiek/grfext.sty
Package: grfext 2010/08/19 v1.1 Manage graphics extensions (HO)
)
Package grfext Info: Graphics extension search list:
(grfext)             [.png,.pdf,.jpg,.mps,.jpeg,.jbig2,.jb2,.PNG,.PDF,.JPG,.JPE
G,.JBIG2,.JB2,.eps]
(grfext)             \AppendGraphicsExtensions on input line 452.

(/usr/share/texlive/texmf-dist/tex/latex/latexconfig/epstopdf-sys.cfg
File: epstopdf-sys.cfg 2010/07/13 v1.3 Configuration of (r)epstopdf for TeX Liv
e
))
Package caption Info: Begin \AtBeginDocument code.
Package caption Info: hyperref package is loaded.
Package caption Info: listings package is loaded.
Package caption Info: End \AtBeginDocument code.
\AtBeginShipoutBox=\box32
Package hyperref Info: Link coloring OFF on input line 47.

(/usr/share/texlive/texmf-dist/tex/latex/hyperref/nameref.sty
Package: nameref 2012/10/27 v2.43 Cross-referencing by name of section

(/usr/share/texlive/texmf-dist/tex/generic/oberdiek/gettitlestring.sty
Package: gettitlestring 2010/12/03 v1.4 Cleanup title references (HO)
)
\c@section@level=\count132
)
LaTeX Info: Redefining \ref on input line 47.
LaTeX Info: Redefining \pageref on input line 47.
LaTeX Info: Redefining \nameref on input line 47.

(./report.out) (./report.out)
\@outlinefile=\write3
\openout3 = `report.out'.

\c@lstlisting=\count133
 [1

{/var/lib/texmf/fonts/map/pdftex/updmap/pdftex.map}]
LaTeX Font Info:    Try loading font information for OMS+cmr on input line 91.
 (/usr/share/texlive/texmf-dist/tex/latex/base/omscmr.fd
File: omscmr.fd 2014/09/29 v2.5h Standard LaTeX font definitions
)
LaTeX Font Info:    Font shape `OMS/cmr/m/n' in size <10.95> not available
(Font)              Font shape `OMS/cmsy/m/n' tried instead on input line 91.

<../images/tih_hist.png, id=44, 578.16pt x 425.59pt>
File: ../images/tih_hist.png Graphic file (type png)

<use ../images/tih_hist.png>
Package pdftex.def Info: ../images/tih_hist.png used on input line 99.
(pdftex.def)             Requested size: 250.24199pt x 184.2015pt.

<../images/nod_bar.png, id=46, 579.16376pt x 428.60126pt>
File: ../images/nod_bar.png Graphic file (type png)

<use ../images/nod_bar.png>
Package pdftex.def Info: ../images/nod_bar.png used on input line 105.
(pdftex.def)             Requested size: 250.24199pt x 185.18437pt.

Overfull \hbox (2.43332pt too wide) in paragraph at lines 97--108
[][]  [] 
 []

<../images/combined_matrix.png, id=48, 1003.75pt x 614.295pt>
File: ../images/combined_matrix.png Graphic file (type png)

<use ../images/combined_matrix.png>
Package pdftex.def Info: ../images/combined_matrix.png used on input line 119.
(pdftex.def)             Requested size: 500.484pt x 306.30313pt.
pdfTeX warning (ext4): destination with the same identifier (name{page.1}) has 
been already used, duplicate ignored
<to be read again> 
                   \relax 
l.121 \end{figure}
                   [1 <../images/tih_hist.png> <../images/nod_bar.png>]
<../images/race_pie.png, id=59, 419.5675pt x 399.4925pt>
File: ../images/race_pie.png Graphic file (type png)

<use ../images/race_pie.png>
Package pdftex.def Info: ../images/race_pie.png used on input line 132.
(pdftex.def)             Requested size: 160.15303pt x 152.49144pt.

<../images/gender_pie.png, id=60, 420.57124pt x 376.40625pt>
File: ../images/gender_pie.png Graphic file (type png)

<use ../images/gender_pie.png>
Package pdftex.def Info: ../images/gender_pie.png used on input line 138.
(pdftex.def)             Requested size: 160.15303pt x 143.33452pt.
 [2 <../images/combined_matrix.png> <../images/race_pie.png> <../images/gender_
pie.png>]
<../images/readmitted_pie.png, id=70, 419.5675pt x 378.41376pt>
File: ../images/readmitted_pie.png Graphic file (type png)

<use ../images/readmitted_pie.png>
Package pdftex.def Info: ../images/readmitted_pie.png used on input line 154.
(pdftex.def)             Requested size: 200.19054pt x 180.551pt.

<../images/admission_type_pie.png, id=71, 451.6875pt x 411.5375pt>
File: ../images/admission_type_pie.png Graphic file (type png)

<use ../images/admission_type_pie.png>
Package pdftex.def Info: ../images/admission_type_pie.png used on input line 16
0.
(pdftex.def)             Requested size: 200.19054pt x 182.39577pt.
 [3 <../images/readmitted_pie.png> <../images/admission_type_pie.png>]
<../images/bplot_emergency.png, id=80, 540.0175pt x 446.66875pt>
File: ../images/bplot_emergency.png Graphic file (type png)

<use ../images/bplot_emergency.png>
Package pdftex.def Info: ../images/bplot_emergency.png used on input line 191.
(pdftex.def)             Requested size: 225.21626pt x 186.28418pt.

<../images/bplot_meds.png, id=81, 539.01375pt x 447.6725pt>
File: ../images/bplot_meds.png Graphic file (type png)

<use ../images/bplot_meds.png>
Package pdftex.def Info: ../images/bplot_meds.png used on input line 192.
(pdftex.def)             Requested size: 225.21626pt x 187.05118pt.

<../images/bplot_proc.png, id=82, 528.97626pt x 448.67625pt>
File: ../images/bplot_proc.png Graphic file (type png)

<use ../images/bplot_proc.png>
Package pdftex.def Info: ../images/bplot_proc.png used on input line 193.
(pdftex.def)             Requested size: 225.21626pt x 191.02377pt.

<../images/bplot_diag.png, id=83, 540.0175pt x 449.68pt>
File: ../images/bplot_diag.png Graphic file (type png)

<use ../images/bplot_diag.png>
Package pdftex.def Info: ../images/bplot_diag.png used on input line 194.
(pdftex.def)             Requested size: 225.21626pt x 187.54002pt.

Underfull \hbox (badness 10000) in paragraph at lines 189--197

 []

[4 <../images/bplot_emergency.png> <../images/bplot_meds.png> <../images/bplot_
proc.png> <../images/bplot_diag.png>]
<../images/bplot_out_emergency.png, id=94, 541.02126pt x 447.6725pt>
File: ../images/bplot_out_emergency.png Graphic file (type png)

<use ../images/bplot_out_emergency.png>
Package pdftex.def Info: ../images/bplot_out_emergency.png used on input line 2
12.
(pdftex.def)             Requested size: 225.21626pt x 186.35442pt.

<../images/bplot_out_meds.png, id=95, 544.0325pt x 448.67625pt>
File: ../images/bplot_out_meds.png Graphic file (type png)

<use ../images/bplot_out_meds.png>
Package pdftex.def Info: ../images/bplot_out_meds.png used on input line 213.
(pdftex.def)             Requested size: 225.21626pt x 185.74532pt.

<../images/bplot_out_proc.png, id=96, 541.02126pt x 446.66875pt>
File: ../images/bplot_out_proc.png Graphic file (type png)

<use ../images/bplot_out_proc.png>
Package pdftex.def Info: ../images/bplot_out_proc.png used on input line 214.
(pdftex.def)             Requested size: 225.21626pt x 185.93658pt.

<../images/bplot_out_diag.png, id=97, 543.02875pt x 451.6875pt>
File: ../images/bplot_out_diag.png Graphic file (type png)

<use ../images/bplot_out_diag.png>
Package pdftex.def Info: ../images/bplot_out_diag.png used on input line 215.
(pdftex.def)             Requested size: 225.21626pt x 187.33653pt.

Underfull \hbox (badness 10000) in paragraph at lines 210--218

 []

[5 <../images/bplot_out_emergency.png> <../images/bplot_out_meds.png> <../image
s/bplot_out_proc.png> <../images/bplot_out_diag.png>]
<../images/emergency_clust.png, id=110, 462.528pt x 346.896pt>
File: ../images/emergency_clust.png Graphic file (type png)

<use ../images/emergency_clust.png>
Package pdftex.def Info: ../images/emergency_clust.png used on input line 252.
(pdftex.def)             Requested size: 200.19054pt x 150.1416pt.

<../images/meds_clust.png, id=111, 462.528pt x 346.896pt>
File: ../images/meds_clust.png Graphic file (type png)

<use ../images/meds_clust.png>
Package pdftex.def Info: ../images/meds_clust.png used on input line 253.
(pdftex.def)             Requested size: 200.19054pt x 150.1416pt.

<../images/proc_clust.png, id=112, 462.528pt x 346.896pt>
File: ../images/proc_clust.png Graphic file (type png)

<use ../images/proc_clust.png>
Package pdftex.def Info: ../images/proc_clust.png used on input line 254.
(pdftex.def)             Requested size: 200.19054pt x 150.1416pt.

<../images/inpatient_clust.png, id=113, 462.528pt x 346.896pt>
File: ../images/inpatient_clust.png Graphic file (type png)

<use ../images/inpatient_clust.png>
Package pdftex.def Info: ../images/inpatient_clust.png used on input line 255.
(pdftex.def)             Requested size: 200.19054pt x 150.1416pt.

Underfull \hbox (badness 10000) in paragraph at lines 250--258

 []

[6

 <../images/emergency_clust.png> <../images/meds_clust.png> <../images/proc_clu
st.png> <../images/inpatient_clust.png>]
<../images/clust_hist.png, id=125, 462.528pt x 346.896pt>
File: ../images/clust_hist.png Graphic file (type png)

<use ../images/clust_hist.png>
Package pdftex.def Info: ../images/clust_hist.png used on input line 315.
(pdftex.def)             Requested size: 250.24199pt x 187.68098pt.

<../images/clust_scatter.png, id=126, 462.528pt x 346.896pt>
File: ../images/clust_scatter.png Graphic file (type png)

<use ../images/clust_scatter.png>
Package pdftex.def Info: ../images/clust_scatter.png used on input line 321.
(pdftex.def)             Requested size: 250.24199pt x 187.68098pt.

Overfull \hbox (2.43332pt too wide) in paragraph at lines 313--324
[][]  [] 
 []

[7 <../images/clust_hist.png> <../images/clust_scatter.png>] [8]
<../images/roc_curve.png, id=164, 462.528pt x 346.896pt>
File: ../images/roc_curve.png Graphic file (type png)

<use ../images/roc_curve.png>
Package pdftex.def Info: ../images/roc_curve.png used on input line 379.
(pdftex.def)             Requested size: 250.24199pt x 187.68098pt.

<../images/roc_mixofnumcat.png, id=165, 462.528pt x 346.896pt>
File: ../images/roc_mixofnumcat.png Graphic file (type png)

<use ../images/roc_mixofnumcat.png>
Package pdftex.def Info: ../images/roc_mixofnumcat.png used on input line 385.
(pdftex.def)             Requested size: 250.24199pt x 187.68098pt.

Overfull \hbox (2.43332pt too wide) in paragraph at lines 377--388
[][]  [] 
 []

<../images/rfecvroc.png, id=166, 462.528pt x 346.896pt>
File: ../images/rfecvroc.png Graphic file (type png)

<use ../images/rfecvroc.png>
Package pdftex.def Info: ../images/rfecvroc.png used on input line 405.
(pdftex.def)             Requested size: 250.24199pt x 187.68098pt.
 [9 <../images/roc_curve.png> <../images/roc_mixofnumcat.png> <../images/rfecvr
oc.png>]
Missing character: There is no ‚ in font cmr10!
Missing character: There is no Ä in font cmr10!
Missing character: There is no ú in font cmr10!
Missing character: There is no ‚ in font cmr10!
Missing character: There is no Ä in font cmr10!
Missing character: There is no ù in font cmr10!
Package atveryend Info: Empty hook `BeforeClearDocument' on input line 440.
 [10]
Package atveryend Info: Empty hook `AfterLastShipout' on input line 440.
 (./report.aux)
Package atveryend Info: Executing hook `AtVeryEndDocument' on input line 440.
Package atveryend Info: Executing hook `AtEndAfterFileList' on input line 440.
Package rerunfilecheck Info: File `report.out' has not changed.
(rerunfilecheck)             Checksum: 5424459DACFDA0CDB3358728B22BBA86;455.
Package atveryend Info: Empty hook `AtVeryVeryEnd' on input line 440.
 ) 
Here is how much of TeX's memory you used:
 9380 strings out of 494910
 140650 string characters out of 6179837
 250410 words of memory out of 5000000
 12491 multiletter control sequences out of 15000+600000
 9253 words of font info for 34 fonts, out of 8000000 for 9000
 36 hyphenation exceptions out of 8191
 42i,11n,40p,940b,918s stack positions out of 5000i,500n,10000p,200000b,80000s
</usr/share/texlive/texmf-dist/fonts/type1/public/amsfonts/cm/cmbx10.pfb></us
r/share/texlive/texmf-dist/fonts/type1/public/amsfonts/cm/cmbx12.pfb></usr/shar
e/texlive/texmf-dist/fonts/type1/public/amsfonts/cm/cmex10.pfb></usr/share/texl
ive/texmf-dist/fonts/type1/public/amsfonts/cm/cmmi10.pfb></usr/share/texlive/te
xmf-dist/fonts/type1/public/amsfonts/cm/cmmi6.pfb></usr/share/texlive/texmf-dis
t/fonts/type1/public/amsfonts/cm/cmmi8.pfb></usr/share/texlive/texmf-dist/fonts
/type1/public/amsfonts/cm/cmr10.pfb></usr/share/texlive/texmf-dist/fonts/type1/
public/amsfonts/cm/cmr8.pfb></usr/share/texlive/texmf-dist/fonts/type1/public/a
msfonts/cm/cmsy10.pfb></usr/share/texlive/texmf-dist/fonts/type1/public/amsfont
s/cm/cmsy8.pfb></usr/share/texlive/texmf-dist/fonts/type1/public/amsfonts/cm/cm
ti10.pfb></usr/share/texlive/texmf-dist/fonts/type1/public/amsfonts/cm/cmtt10.p
fb>
Output written on report.pdf (11 pages, 923248 bytes).
PDF statistics:
 245 PDF objects out of 1000 (max. 8388607)
 170 compressed objects within 2 object streams
 61 named destinations out of 1000 (max. 500000)
 185 words of extra memory for PDF output out of 10000 (max. 10000000)

